<?xml version="1.0" encoding="UTF-8"?>
<!-- Generated by org.testng.reporters.JUnitReportReporter -->
<testsuite skipped="0" hostname="LAPTOP-7DFPOSF2" name="com.hrms.testcases.AddEmployeeTest" tests="5" failures="0" timestamp="2020-06-02T19:46:07 EDT" time="117.553" errors="0">
  <testcase name="loginTest" time="21.747" classname="com.hrms.testcases.AddEmployeeTest"/>
  <system-out/>
  <testcase name="loginTest" time="23.504" classname="com.hrms.testcases.AddEmployeeTest"/>
  <system-out/>
  <testcase name="loginTest" time="22.824" classname="com.hrms.testcases.AddEmployeeTest"/>
  <system-out/>
  <testcase name="loginTest" time="24.967" classname="com.hrms.testcases.AddEmployeeTest"/>
  <system-out/>
  <testcase name="loginTest" time="24.511" classname="com.hrms.testcases.AddEmployeeTest"/>
  <system-out/>
</testsuite> <!-- com.hrms.testcases.AddEmployeeTest -->
