<?xml version="1.0" encoding="UTF-8"?>
<!-- Generated by org.testng.reporters.JUnitReportReporter -->
<testsuite skipped="0" hostname="LAPTOP-7DFPOSF2" name="com.hrms.testcases.LoginTest" tests="2" failures="0" timestamp="2020-06-02T20:26:36 EDT" time="20.659" errors="0">
  <testcase name="invalidAdminLogin" time="14.277" classname="com.hrms.testcases.LoginTest"/>
  <system-out/>
  <testcase name="emptyUsername" time="6.382" classname="com.hrms.testcases.LoginTest"/>
  <system-out/>
</testsuite> <!-- com.hrms.testcases.LoginTest -->
