<?xml version="1.0" encoding="UTF-8"?>
<!-- Generated by org.testng.reporters.JUnitReportReporter -->
<testsuite skipped="0" hostname="LAPTOP-7DFPOSF2" name="com.hrms.testcases.AddReport" tests="1" failures="0" timestamp="2020-06-02T19:48:47 EDT" time="35.371" errors="0">
  <testcase name="createReport" time="35.371" classname="com.hrms.testcases.AddReport"/>
  <system-out/>
</testsuite> <!-- com.hrms.testcases.AddReport -->
