<?xml version="1.0" encoding="UTF-8"?>
<!-- Generated by org.testng.reporters.JUnitReportReporter -->
<testsuite skipped="0" hostname="LAPTOP-7DFPOSF2" name="com.hrms.testcases.LoginTest" tests="3" failures="0" timestamp="2020-05-30T14:07:36 EDT" time="30.553" errors="0">
  <testcase name="emptyUsername" time="7.973" classname="com.hrms.testcases.LoginTest"/>
  <system-out/>
  <testcase name="invalidAdminLogin" time="11.394" classname="com.hrms.testcases.LoginTest"/>
  <system-out/>
  <testcase name="validAdminLogin" time="11.186" classname="com.hrms.testcases.LoginTest"/>
  <system-out/>
</testsuite> <!-- com.hrms.testcases.LoginTest -->
